1594226805918	mozrunner::runner	INFO	Running command: "C:\\Program Files\\Mozilla Firefox\\firefox.exe" "-marionette" "-foreground" "-no-remote" "-profile" "C:\\Users\\VAITHE~1.V\\AppData\\Local\\Temp\\rust_mozprofileo7JEz7"
JavaScript error: resource://gre/modules/XULStore.jsm, line 66: Error: Can't find profile directory.
1594226832745	Marionette	INFO	Listening on port 56120
1594226832792	Marionette	WARN	TLS certificate errors will be ignored for this session
1594226911441	Marionette	INFO	Stopped listening on port 56120

###!!! [Child][RunMessage] Error: Channel closing: too late to send/recv, messages will be lost


###!!! [Child][MessageChannel::SendAndWait] Error: Channel error: cannot send/recv

1594533837269	mozrunner::runner	INFO	Running command: "C:\\Program Files\\Mozilla Firefox\\firefox.exe" "-marionette" "-foreground" "-no-remote" "-profile" "C:\\Users\\VAITHE~1.V\\AppData\\Local\\Temp\\rust_mozprofilemPFEdh"
JavaScript error: resource://gre/modules/XULStore.jsm, line 66: Error: Can't find profile directory.
1594533873298	Marionette	INFO	Listening on port 52980
1594533873699	Marionette	WARN	TLS certificate errors will be ignored for this session
1594533893981	Marionette	INFO	Stopped listening on port 52980

###!!! [Child][MessageChannel::SendAndWait] Error: Channel error: cannot send/recv

1594533911038	mozrunner::runner	INFO	Running command: "C:\\Program Files\\Mozilla Firefox\\firefox.exe" "-marionette" "-foreground" "-no-remote" "-profile" "C:\\Users\\VAITHE~1.V\\AppData\\Local\\Temp\\rust_mozprofileWqiX83"
JavaScript error: resource://gre/modules/XULStore.jsm, line 66: Error: Can't find profile directory.
1594533920508	Marionette	INFO	Listening on port 53105
1594533921009	Marionette	WARN	TLS certificate errors will be ignored for this session

###!!! [Child][MessageChannel] Error: (msgtype=0x5A000D,name=PHttpChannel::Msg_DeletingChannel) Channel closing: too late to send/recv, messages will be lost


###!!! [Child][MessageChannel] Error: (msgtype=0x5A000D,name=PHttpChannel::Msg_DeletingChannel) Channel closing: too late to send/recv, messages will be lost


###!!! [Child][MessageChannel] Error: (msgtype=0x5A000D,name=PHttpChannel::Msg_DeletingChannel) Channel closing: too late to send/recv, messages will be lost


###!!! [Child][MessageChannel] Error: (msgtype=0x5A000D,name=PHttpChannel::Msg_DeletingChannel) Channel closing: too late to send/recv, messages will be lost

console.error: (new Error("SessionFile is closed", "resource:///modules/sessionstore/SessionFile.jsm", 433))
1594533982142	Marionette	INFO	Stopped listening on port 53105

###!!! [Child][RunMessage] Error: Channel closing: too late to send/recv, messages will be lost


###!!! [Child][MessageChannel::SendAndWait] Error: Channel error: cannot send/recv

1594536881305	mozrunner::runner	INFO	Running command: "C:\\Program Files\\Mozilla Firefox\\firefox.exe" "-marionette" "-foreground" "-no-remote" "-profile" "C:\\Users\\VAITHE~1.V\\AppData\\Local\\Temp\\rust_mozprofileyeeruw"
JavaScript error: resource://gre/modules/XULStore.jsm, line 66: Error: Can't find profile directory.
1594536888278	Marionette	INFO	Listening on port 53866
1594536888559	Marionette	WARN	TLS certificate errors will be ignored for this session
1594536903659	Marionette	INFO	Stopped listening on port 53866

###!!! [Child][RunMessage] Error: Channel closing: too late to send/recv, messages will be lost


###!!! [Child][MessageChannel::SendAndWait] Error: Channel error: cannot send/recv

1594571404004	mozrunner::runner	INFO	Running command: "C:\\Program Files\\Mozilla Firefox\\firefox.exe" "-marionette" "-foreground" "-no-remote" "-profile" "C:\\Users\\VAITHE~1.V\\AppData\\Local\\Temp\\rust_mozprofilehNpaDu"
JavaScript error: resource://gre/modules/XULStore.jsm, line 66: Error: Can't find profile directory.
1594571433198	Marionette	INFO	Listening on port 63667
1594571433336	Marionette	WARN	TLS certificate errors will be ignored for this session
1594571597637	Marionette	INFO	Stopped listening on port 63667

###!!! [Child][RunMessage] Error: Channel closing: too late to send/recv, messages will be lost


###!!! [Child][MessageChannel::SendAndWait] Error: Channel error: cannot send/recv

